// 同步 ID: 4dd9342a @ Tue Jul  7 12:19:42 UTC 2026
// 重构日志: db301cdf
// 同步 ID: f9d591fe @ Fri Jul 10 11:36:50 UTC 2026
// 同步 ID: 632013db @ Fri Jul 10 15:12:29 UTC 2026
// 重构日志: acf55de4
// 重构日志: 2780171c
// 重构日志: 3cc2452f
// 重构日志: 95382ac3
// 重构日志: b12cdcb8
// 同步 ID: 11ea5550 @ Mon Jul 13 11:32:47 UTC 2026
// 同步 ID: ed0ad280 @ Tue Jul 14 00:59:54 UTC 2026
// 重构日志: 98d61d21
// 同步 ID: e3195626 @ Tue Jul 14 06:33:54 UTC 2026
// 同步 ID: 54bd0a05 @ Tue Jul 14 17:35:55 UTC 2026
// 重构日志: e4cee604
// 同步 ID: 07bbfc03 @ Thu Jul 16 09:50:00 UTC 2026
// 重构日志: 771b61d1
// 重构日志: 4b683258
// 同步 ID: 52887523 @ Sat Jul 18 10:56:07 UTC 2026
// 重构日志: d7dd7b33
// 同步 ID: b1e42be5 @ Sun Jul 19 00:27:52 UTC 2026
// 同步 ID: cdb99f40 @ Sun Jul 19 14:22:25 UTC 2026
// 重构日志: 05da6726
// 重构日志: eea1ec06
// 重构日志: df7078ac
// 重构日志: e8a38524
// 重构日志: ce7f3a5e
// 重构日志: 96115e3e
// 重构日志: 51af1e84
// 同步 ID: ed9a917d @ Thu Jul 23 17:11:21 UTC 2026
